<?xml version="1.0" encoding="UTF-8"?>
<Site BuildName="Linux-g++"
	BuildStamp="20240217-1320-Experimental"
	Name="archlinux"
	Generator="ctest-3.28.3"
	CompilerName="/usr/bin/g++"
	CompilerVersion=""
	OSName="Linux"
	Hostname="archlinux"
	OSRelease="6.7.4-zen1-1-zen"
	OSVersion="#1 ZEN SMP PREEMPT_DYNAMIC Mon, 05 Feb 2024 22:07:37 +0000"
	OSPlatform="x86_64"
	Is64Bits="1"
	VendorString="GenuineIntel"
	VendorID="Intel Corporation"
	FamilyID="6"
	ModelID="154"
	ProcessorCacheSize="24576"
	NumberOfLogicalCPU="20"
	NumberOfPhysicalCPU="14"
	TotalVirtualMemory="15999"
	TotalPhysicalMemory="15714"
	LogicalProcessorsPerPhysical="1"
	ProcessorClockFrequency="2194.55"
	>
	<Testing>
		<StartDateTime>Feb 17 19:36 IST</StartDateTime>
		<StartTestTime>1708178772</StartTestTime>
		<TestList/>
		<EndDateTime>Feb 17 19:36 IST</EndDateTime>
		<EndTestTime>1708178772</EndTestTime>
		<ElapsedMinutes>0</ElapsedMinutes>
	</Testing>
</Site>
