<?xml version="1.0" encoding="UTF-8"?>
<Site BuildName="Linux-g++"
	BuildStamp="20240220-0356-Experimental"
	Name="archlinux"
	Generator="ctest-3.28.3"
	CompilerName="/usr/bin/g++"
	CompilerVersion=""
	OSName="Linux"
	Hostname="archlinux"
	OSRelease="6.7.5-zen1-1-zen"
	OSVersion="#1 ZEN SMP PREEMPT_DYNAMIC Sat, 17 Feb 2024 14:02:21 +0000"
	OSPlatform="x86_64"
	Is64Bits="1"
	VendorString="GenuineIntel"
	VendorID="Intel Corporation"
	FamilyID="6"
	ModelID="154"
	ProcessorCacheSize="24576"
	NumberOfLogicalCPU="20"
	NumberOfPhysicalCPU="14"
	TotalVirtualMemory="15999"
	TotalPhysicalMemory="15714"
	LogicalProcessorsPerPhysical="1"
	ProcessorClockFrequency="4100"
	>
	<Testing>
		<StartDateTime>Feb 21 03:33 IST</StartDateTime>
		<StartTestTime>1708466616</StartTestTime>
		<TestList/>
		<EndDateTime>Feb 21 03:33 IST</EndDateTime>
		<EndTestTime>1708466616</EndTestTime>
		<ElapsedMinutes>0</ElapsedMinutes>
	</Testing>
</Site>
